<?xml version="1.0" encoding="UTF-8"?>
<robot generator="Robot 7.3.2 (Python 3.13.5 on darwin)" generated="2025-08-13T10:35:21.507525" rpa="false" schemaversion="5">
<suite id="s1" name="Jean" source="/Users/jeanheberth/Documents/GitClone/automacaoRobot/primeiroTesteRobot/tests/jean.robot">
<kw name="Open Browser" owner="SeleniumLibrary" type="SETUP">
<msg time="2025-08-13T10:35:21.588376" level="INFO">Opening browser 'Chrome' to base url 'https://the-internet.herokuapp.com/'.</msg>
<arg>https://the-internet.herokuapp.com/</arg>
<arg>Chrome</arg>
<doc>Opens a new browser instance to the optional ``url``.</doc>
<status status="PASS" start="2025-08-13T10:35:21.588262" elapsed="4.160027"/>
</kw>
<test id="s1-t1" name="Teste de login" line="11">
<kw name="Go To" owner="SeleniumLibrary">
<msg time="2025-08-13T10:35:25.749402" level="INFO">Opening url 'https://the-internet.herokuapp.com/login'</msg>
<arg>${BASE_URL}/login</arg>
<doc>Navigates the current browser window to the provided ``url``.</doc>
<status status="PASS" start="2025-08-13T10:35:25.749213" elapsed="0.361992"/>
</kw>
<kw name="Input Text" owner="SeleniumLibrary">
<msg time="2025-08-13T10:35:26.112726" level="INFO">Typing text 'tomsmith' into text field 'id=username'.</msg>
<arg>id=username</arg>
<arg>tomsmith</arg>
<doc>Types the given ``text`` into the text field identified by ``locator``.</doc>
<status status="PASS" start="2025-08-13T10:35:26.111729" elapsed="0.092985"/>
</kw>
<kw name="Input Text" owner="SeleniumLibrary">
<msg time="2025-08-13T10:35:26.204978" level="INFO">Typing text 'SuperSecretPassword!' into text field 'id=password'.</msg>
<arg>id=password</arg>
<arg>SuperSecretPassword!</arg>
<doc>Types the given ``text`` into the text field identified by ``locator``.</doc>
<status status="PASS" start="2025-08-13T10:35:26.204852" elapsed="0.026156"/>
</kw>
<kw name="Click Button" owner="SeleniumLibrary">
<msg time="2025-08-13T10:35:26.231233" level="INFO">Clicking button 'css=button[type="submit"]'.</msg>
<arg>css=button[type="submit"]</arg>
<doc>Clicks the button identified by ``locator``.</doc>
<status status="PASS" start="2025-08-13T10:35:26.231129" elapsed="0.026363"/>
</kw>
<kw name="Wait Until Page Contains" owner="SeleniumLibrary">
<arg>You logged into a secure area!</arg>
<arg>timeout=10s</arg>
<doc>Waits until ``text`` appears on the current page.</doc>
<status status="PASS" start="2025-08-13T10:35:26.257612" elapsed="0.567082"/>
</kw>
<kw name="Page Should Contain" owner="SeleniumLibrary">
<msg time="2025-08-13T10:35:26.828826" level="INFO">Current page contains text 'secure area'.</msg>
<arg>secure area</arg>
<doc>Verifies that current page contains ``text``.</doc>
<status status="PASS" start="2025-08-13T10:35:26.824814" elapsed="0.004046"/>
</kw>
<doc>Testa login com sucesso</doc>
<status status="PASS" start="2025-08-13T10:35:25.748676" elapsed="1.080272"/>
</test>
<kw name="Close Browser" owner="SeleniumLibrary" type="TEARDOWN">
<doc>Closes the current browser.</doc>
<status status="PASS" start="2025-08-13T10:35:26.829187" elapsed="0.069095"/>
</kw>
<status status="PASS" start="2025-08-13T10:35:21.507970" elapsed="5.390367"/>
</suite>
<statistics>
<total>
<stat pass="1" fail="0" skip="0">All Tests</stat>
</total>
<tag>
</tag>
<suite>
<stat name="Jean" id="s1" pass="1" fail="0" skip="0">Jean</stat>
</suite>
</statistics>
<errors>
</errors>
</robot>
