<?xml version="1.0" encoding="UTF-8"?>
<robot generator="Robot 7.3.2 (Python 3.13.5 on darwin)" generated="2025-08-12T15:19:10.167700" rpa="false" schemaversion="5">
<suite id="s1" name="Jean" source="/Users/jeanheberth/Documents/GitClone/automacaoRobot/primeiroTesteRobot/tests/jean.robot">
<kw name="Open Browser" owner="SeleniumLibrary" type="SETUP">
<msg time="2025-08-12T15:19:10.234169" level="INFO">Opening browser 'Chrome' to base url 'https://the-internet.herokuapp.com/'.</msg>
<arg>https://the-internet.herokuapp.com/</arg>
<arg>Chrome</arg>
<doc>Opens a new browser instance to the optional ``url``.</doc>
<status status="PASS" start="2025-08-12T15:19:10.234078" elapsed="3.945037"/>
</kw>
<test id="s1-t1" name="Teste de login" line="11">
<kw name="Go To" owner="SeleniumLibrary">
<msg time="2025-08-12T15:19:14.182356" level="INFO">Opening url 'https://the-internet.herokuapp.com/login'</msg>
<arg>${BASE_URL}/login</arg>
<doc>Navigates the current browser window to the provided ``url``.</doc>
<status status="PASS" start="2025-08-12T15:19:14.182067" elapsed="1.404081"/>
</kw>
<kw name="Input Text" owner="SeleniumLibrary">
<msg time="2025-08-12T15:19:15.586636" level="INFO">Typing text 'tomsmith' into text field 'id=username'.</msg>
<arg>id=username</arg>
<arg>tomsmith</arg>
<doc>Types the given ``text`` into the text field identified by ``locator``.</doc>
<status status="PASS" start="2025-08-12T15:19:15.586361" elapsed="0.057829"/>
</kw>
<kw name="Input Text" owner="SeleniumLibrary">
<msg time="2025-08-12T15:19:15.644469" level="INFO">Typing text 'SuperSecretPassword!' into text field 'id=password'.</msg>
<arg>id=password</arg>
<arg>SuperSecretPassword!</arg>
<doc>Types the given ``text`` into the text field identified by ``locator``.</doc>
<status status="PASS" start="2025-08-12T15:19:15.644354" elapsed="0.025246"/>
</kw>
<kw name="Click Button" owner="SeleniumLibrary">
<msg time="2025-08-12T15:19:15.669827" level="INFO">Clicking button 'css=button[type="submit"]'.</msg>
<arg>css=button[type="submit"]</arg>
<doc>Clicks the button identified by ``locator``.</doc>
<status status="PASS" start="2025-08-12T15:19:15.669728" elapsed="0.024285"/>
</kw>
<kw name="Wait Until Page Contains" owner="SeleniumLibrary">
<arg>You logged into a secure area!</arg>
<arg>timeout=10s</arg>
<doc>Waits until ``text`` appears on the current page.</doc>
<status status="PASS" start="2025-08-12T15:19:15.694150" elapsed="0.379259"/>
</kw>
<kw name="Page Should Contain" owner="SeleniumLibrary">
<msg time="2025-08-12T15:19:16.079296" level="INFO">Current page contains text 'secure area'.</msg>
<arg>secure area</arg>
<doc>Verifies that current page contains ``text``.</doc>
<status status="PASS" start="2025-08-12T15:19:16.073578" elapsed="0.005769"/>
</kw>
<doc>Testa login com sucesso</doc>
<status status="PASS" start="2025-08-12T15:19:14.180861" elapsed="1.898604"/>
</test>
<kw name="Close Browser" owner="SeleniumLibrary" type="TEARDOWN">
<doc>Closes the current browser.</doc>
<status status="PASS" start="2025-08-12T15:19:16.079784" elapsed="0.070563"/>
</kw>
<status status="PASS" start="2025-08-12T15:19:10.168112" elapsed="5.982279"/>
</suite>
<statistics>
<total>
<stat pass="1" fail="0" skip="0">All Tests</stat>
</total>
<tag>
</tag>
<suite>
<stat name="Jean" id="s1" pass="1" fail="0" skip="0">Jean</stat>
</suite>
</statistics>
<errors>
</errors>
</robot>
